execve("/usr/bin/python3", ["python3", "./hello.py"], [/* 86 vars */]) = 0
brk(NULL)                               = 0x23c5000
access("/etc/ld.so.nohwcap", F_OK)      = -1 ENOENT (No such file or directory)
access("/etc/ld.so.preload", R_OK)      = -1 ENOENT (No such file or directory)
open("/etc/ld.so.cache", O_RDONLY|O_CLOEXEC) = 3
fstat(3, {st_mode=S_IFREG|0644, st_size=103836, ...}) = 0
mmap(NULL, 103836, PROT_READ, MAP_PRIVATE, 3, 0) = 0x7fb4aeff2000
close(3)                                = 0
access("/etc/ld.so.nohwcap", F_OK)      = -1 ENOENT (No such file or directory)
open("/lib/x86_64-linux-gnu/libpthread.so.0", O_RDONLY|O_CLOEXEC) = 3
read(3, "\177ELF\2\1\1\0\0\0\0\0\0\0\0\0\3\0>\0\1\0\0\0\260`\0\0\0\0\0\0"..., 832) = 832
fstat(3, {st_mode=S_IFREG|0755, st_size=138696, ...}) = 0
mmap(NULL, 4096, PROT_READ|PROT_WRITE, MAP_PRIVATE|MAP_ANONYMOUS, -1, 0) = 0x7fb4aeff1000
mmap(NULL, 2212904, PROT_READ|PROT_EXEC, MAP_PRIVATE|MAP_DENYWRITE, 3, 0) = 0x7fb4aebca000
mprotect(0x7fb4aebe2000, 2093056, PROT_NONE) = 0
mmap(0x7fb4aede1000, 8192, PROT_READ|PROT_WRITE, MAP_PRIVATE|MAP_FIXED|MAP_DENYWRITE, 3, 0x17000) = 0x7fb4aede1000
mmap(0x7fb4aede3000, 13352, PROT_READ|PROT_WRITE, MAP_PRIVATE|MAP_FIXED|MAP_ANONYMOUS, -1, 0) = 0x7fb4aede3000
close(3)                                = 0
access("/etc/ld.so.nohwcap", F_OK)      = -1 ENOENT (No such file or directory)
open("/lib/x86_64-linux-gnu/libc.so.6", O_RDONLY|O_CLOEXEC) = 3
read(3, "\177ELF\2\1\1\3\0\0\0\0\0\0\0\0\3\0>\0\1\0\0\0P\t\2\0\0\0\0\0"..., 832) = 832
fstat(3, {st_mode=S_IFREG|0755, st_size=1868984, ...}) = 0
mmap(NULL, 3971488, PROT_READ|PROT_EXEC, MAP_PRIVATE|MAP_DENYWRITE, 3, 0) = 0x7fb4ae800000
mprotect(0x7fb4ae9c0000, 2097152, PROT_NONE) = 0
mmap(0x7fb4aebc0000, 24576, PROT_READ|PROT_WRITE, MAP_PRIVATE|MAP_FIXED|MAP_DENYWRITE, 3, 0x1c0000) = 0x7fb4aebc0000
mmap(0x7fb4aebc6000, 14752, PROT_READ|PROT_WRITE, MAP_PRIVATE|MAP_FIXED|MAP_ANONYMOUS, -1, 0) = 0x7fb4aebc6000
close(3)                                = 0
access("/etc/ld.so.nohwcap", F_OK)      = -1 ENOENT (No such file or directory)
open("/lib/x86_64-linux-gnu/libdl.so.2", O_RDONLY|O_CLOEXEC) = 3
read(3, "\177ELF\2\1\1\0\0\0\0\0\0\0\0\0\3\0>\0\1\0\0\0\240\r\0\0\0\0\0\0"..., 832) = 832
fstat(3, {st_mode=S_IFREG|0644, st_size=14608, ...}) = 0
mmap(NULL, 2109680, PROT_READ|PROT_EXEC, MAP_PRIVATE|MAP_DENYWRITE, 3, 0) = 0x7fb4ae5fc000
mprotect(0x7fb4ae5ff000, 2093056, PROT_NONE) = 0
mmap(0x7fb4ae7fe000, 8192, PROT_READ|PROT_WRITE, MAP_PRIVATE|MAP_FIXED|MAP_DENYWRITE, 3, 0x2000) = 0x7fb4ae7fe000
close(3)                                = 0
access("/etc/ld.so.nohwcap", F_OK)      = -1 ENOENT (No such file or directory)
open("/lib/x86_64-linux-gnu/libutil.so.1", O_RDONLY|O_CLOEXEC) = 3
read(3, "\177ELF\2\1\1\0\0\0\0\0\0\0\0\0\3\0>\0\1\0\0\0`\16\0\0\0\0\0\0"..., 832) = 832
fstat(3, {st_mode=S_IFREG|0644, st_size=10656, ...}) = 0
mmap(NULL, 4096, PROT_READ|PROT_WRITE, MAP_PRIVATE|MAP_ANONYMOUS, -1, 0) = 0x7fb4aeff0000
mmap(NULL, 2105608, PROT_READ|PROT_EXEC, MAP_PRIVATE|MAP_DENYWRITE, 3, 0) = 0x7fb4ae3f9000
mprotect(0x7fb4ae3fb000, 2093056, PROT_NONE) = 0
mmap(0x7fb4ae5fa000, 8192, PROT_READ|PROT_WRITE, MAP_PRIVATE|MAP_FIXED|MAP_DENYWRITE, 3, 0x1000) = 0x7fb4ae5fa000
close(3)                                = 0
access("/etc/ld.so.nohwcap", F_OK)      = -1 ENOENT (No such file or directory)
open("/lib/x86_64-linux-gnu/libexpat.so.1", O_RDONLY|O_CLOEXEC) = 3
read(3, "\177ELF\2\1\1\0\0\0\0\0\0\0\0\0\3\0>\0\1\0\0\0\0;\0\0\0\0\0\0"..., 832) = 832
fstat(3, {st_mode=S_IFREG|0644, st_size=166032, ...}) = 0
mmap(NULL, 2261096, PROT_READ|PROT_EXEC, MAP_PRIVATE|MAP_DENYWRITE, 3, 0) = 0x7fb4ae1d0000
mprotect(0x7fb4ae1f6000, 2097152, PROT_NONE) = 0
mmap(0x7fb4ae3f6000, 12288, PROT_READ|PROT_WRITE, MAP_PRIVATE|MAP_FIXED|MAP_DENYWRITE, 3, 0x26000) = 0x7fb4ae3f6000
close(3)                                = 0
access("/etc/ld.so.nohwcap", F_OK)      = -1 ENOENT (No such file or directory)
open("/lib/x86_64-linux-gnu/libz.so.1", O_RDONLY|O_CLOEXEC) = 3
read(3, "\177ELF\2\1\1\0\0\0\0\0\0\0\0\0\3\0>\0\1\0\0\0\260\35\0\0\0\0\0\0"..., 832) = 832
fstat(3, {st_mode=S_IFREG|0644, st_size=104864, ...}) = 0
mmap(NULL, 2199848, PROT_READ|PROT_EXEC, MAP_PRIVATE|MAP_DENYWRITE, 3, 0) = 0x7fb4adfb6000
mprotect(0x7fb4adfcf000, 2093056, PROT_NONE) = 0
mmap(0x7fb4ae1ce000, 8192, PROT_READ|PROT_WRITE, MAP_PRIVATE|MAP_FIXED|MAP_DENYWRITE, 3, 0x18000) = 0x7fb4ae1ce000
close(3)                                = 0
access("/etc/ld.so.nohwcap", F_OK)      = -1 ENOENT (No such file or directory)
open("/lib/x86_64-linux-gnu/libm.so.6", O_RDONLY|O_CLOEXEC) = 3
read(3, "\177ELF\2\1\1\3\0\0\0\0\0\0\0\0\3\0>\0\1\0\0\0\0V\0\0\0\0\0\0"..., 832) = 832
fstat(3, {st_mode=S_IFREG|0644, st_size=1088952, ...}) = 0
mmap(NULL, 4096, PROT_READ|PROT_WRITE, MAP_PRIVATE|MAP_ANONYMOUS, -1, 0) = 0x7fb4aefef000
mmap(NULL, 3178744, PROT_READ|PROT_EXEC, MAP_PRIVATE|MAP_DENYWRITE, 3, 0) = 0x7fb4adcad000
mprotect(0x7fb4addb5000, 2093056, PROT_NONE) = 0
mmap(0x7fb4adfb4000, 8192, PROT_READ|PROT_WRITE, MAP_PRIVATE|MAP_FIXED|MAP_DENYWRITE, 3, 0x107000) = 0x7fb4adfb4000
close(3)                                = 0
mmap(NULL, 4096, PROT_READ|PROT_WRITE, MAP_PRIVATE|MAP_ANONYMOUS, -1, 0) = 0x7fb4aefee000
mmap(NULL, 4096, PROT_READ|PROT_WRITE, MAP_PRIVATE|MAP_ANONYMOUS, -1, 0) = 0x7fb4aefed000
mmap(NULL, 4096, PROT_READ|PROT_WRITE, MAP_PRIVATE|MAP_ANONYMOUS, -1, 0) = 0x7fb4aefec000
arch_prctl(ARCH_SET_FS, 0x7fb4aefed700) = 0
mprotect(0x7fb4aebc0000, 16384, PROT_READ) = 0
mprotect(0x7fb4adfb4000, 4096, PROT_READ) = 0
mprotect(0x7fb4ae1ce000, 4096, PROT_READ) = 0
mprotect(0x7fb4ae3f6000, 8192, PROT_READ) = 0
mprotect(0x7fb4ae5fa000, 4096, PROT_READ) = 0
mprotect(0x7fb4ae7fe000, 4096, PROT_READ) = 0
mprotect(0x7fb4aede1000, 4096, PROT_READ) = 0
mprotect(0x9a9000, 8192, PROT_READ)     = 0
mprotect(0x7fb4af00c000, 4096, PROT_READ) = 0
munmap(0x7fb4aeff2000, 103836)          = 0
set_tid_address(0x7fb4aefed9d0)         = 14090
set_robust_list(0x7fb4aefed9e0, 24)     = 0
rt_sigaction(SIGRTMIN, {0x7fb4aebcfb50, [], SA_RESTORER|SA_SIGINFO, 0x7fb4aebdb390}, NULL, 8) = 0
rt_sigaction(SIGRT_1, {0x7fb4aebcfbe0, [], SA_RESTORER|SA_RESTART|SA_SIGINFO, 0x7fb4aebdb390}, NULL, 8) = 0
rt_sigprocmask(SIG_UNBLOCK, [RTMIN RT_1], NULL, 8) = 0
getrlimit(RLIMIT_STACK, {rlim_cur=8192*1024, rlim_max=RLIM64_INFINITY}) = 0
brk(NULL)                               = 0x23c5000
brk(0x23e6000)                          = 0x23e6000
open("/usr/lib/locale/locale-archive", O_RDONLY|O_CLOEXEC) = 3
fstat(3, {st_mode=S_IFREG|0644, st_size=4016704, ...}) = 0
mmap(NULL, 4016704, PROT_READ, MAP_PRIVATE, 3, 0) = 0x7fb4ad8d8000
close(3)                                = 0
open("/usr/lib/x86_64-linux-gnu/gconv/gconv-modules.cache", O_RDONLY) = 3
fstat(3, {st_mode=S_IFREG|0644, st_size=26258, ...}) = 0
mmap(NULL, 26258, PROT_READ, MAP_SHARED, 3, 0) = 0x7fb4af005000
close(3)                                = 0
futex(0x7fb4aebc58c8, FUTEX_WAKE_PRIVATE, 2147483647) = 0
getrandom("y;\237\316\270\24\23\233\240\360\10\247y\0310\237_\177W\325\245\34\355\31", 24, GRND_NONBLOCK) = 24
ioctl(0, TCGETS, {B38400 opost isig icanon echo ...}) = 0
mmap(NULL, 262144, PROT_READ|PROT_WRITE, MAP_PRIVATE|MAP_ANONYMOUS, -1, 0) = 0x7fb4aefac000
mmap(NULL, 262144, PROT_READ|PROT_WRITE, MAP_PRIVATE|MAP_ANONYMOUS, -1, 0) = 0x7fb4aef6c000
brk(0x2407000)                          = 0x2407000
fstat(0, {st_mode=S_IFCHR|0620, st_rdev=makedev(136, 23), ...}) = 0
stat("/home/hiurawataru/HUE/Application/oracle-jdk-1.8.0_121/bin/python3", 0x7ffe60d77c80) = -1 ENOENT (No such file or directory)
stat("/home/hiurawataru/HUE/Application/apache-maven-3.3.1/bin/python3", 0x7ffe60d77c80) = -1 ENOENT (No such file or directory)
stat("/home/hiurawataru/HUE/Application/node-v0.10.28/bin/python3", 0x7ffe60d77c80) = -1 ENOENT (No such file or directory)
stat("/home/hiurawataru/HUE/Application/node-v0.10.28/bin/python3", 0x7ffe60d77c80) = -1 ENOENT (No such file or directory)
stat("/home/hiurawataru/HUE/Application/yosolo-0.0.1-SNAPSHOT/python3", 0x7ffe60d77c80) = -1 ENOENT (No such file or directory)
stat("/opt/mozjpeg/bin/python3", 0x7ffe60d77c80) = -1 ENOENT (No such file or directory)
stat("/home/hiurawataru/HUE/Application/git-lfs-2.4.0/python3", 0x7ffe60d77c80) = -1 ENOENT (No such file or directory)
stat("/home/hiurawataru/HUE/WorkSpace/Develop/bin/python3", 0x7ffe60d77c80) = -1 ENOENT (No such file or directory)
stat("/home/hiurawataru/bin/python3", 0x7ffe60d77c80) = -1 ENOENT (No such file or directory)
stat("/usr/local/bin/python3", 0x7ffe60d77c80) = -1 ENOENT (No such file or directory)
stat("/usr/bin/python3", {st_mode=S_IFREG|0755, st_size=4464400, ...}) = 0
readlink("/usr/bin/python3", "python3.5", 4096) = 9
readlink("/usr/bin/python3.5", 0x7ffe60d6cbc0, 4096) = -1 EINVAL (Invalid argument)
open("/usr/bin/pyvenv.cfg", O_RDONLY)   = -1 ENOENT (No such file or directory)
open("/usr/pyvenv.cfg", O_RDONLY)       = -1 ENOENT (No such file or directory)
stat("/usr/bin/Modules/Setup", 0x7ffe60d77c80) = -1 ENOENT (No such file or directory)
stat("/usr/bin/lib/python3.5/os.py", 0x7ffe60d6db50) = -1 ENOENT (No such file or directory)
stat("/usr/bin/lib/python3.5/os.pyc", 0x7ffe60d6db50) = -1 ENOENT (No such file or directory)
stat("/usr/lib/python3.5/os.py", {st_mode=S_IFREG|0644, st_size=36970, ...}) = 0
stat("/usr/bin/pybuilddir.txt", 0x7ffe60d77c80) = -1 ENOENT (No such file or directory)
stat("/usr/bin/lib/python3.5/lib-dynload", 0x7ffe60d77c80) = -1 ENOENT (No such file or directory)
stat("/usr/lib/python3.5/lib-dynload", {st_mode=S_IFDIR|0755, st_size=12288, ...}) = 0
mmap(NULL, 262144, PROT_READ|PROT_WRITE, MAP_PRIVATE|MAP_ANONYMOUS, -1, 0) = 0x7fb4aef2c000
brk(0x2428000)                          = 0x2428000
sysinfo({uptime=1062641, loads=[57696, 76960, 82880], totalram=16702472192, freeram=1540890624, sharedram=1209221120, bufferram=561221632, totalswap=17055084544, freeswap=16902709248, procs=1285, totalhigh=0, freehigh=0, mem_unit=1}) = 0
brk(0x2450000)                          = 0x2450000
sigaltstack({ss_sp=0x23fa920, ss_flags=0, ss_size=8192}, NULL) = 0
stat("/usr/lib/python35.zip", 0x7ffe60d7eb80) = -1 ENOENT (No such file or directory)
stat("/usr/lib", {st_mode=S_IFDIR|0755, st_size=4096, ...}) = 0
stat("/usr/lib/python35.zip", 0x7ffe60d7e600) = -1 ENOENT (No such file or directory)
stat("/usr/lib/python3.5/", {st_mode=S_IFDIR|0755, st_size=20480, ...}) = 0
stat("/usr/lib/python3.5/", {st_mode=S_IFDIR|0755, st_size=20480, ...}) = 0
stat("/usr/lib/python3.5/", {st_mode=S_IFDIR|0755, st_size=20480, ...}) = 0
open("/usr/lib/python3.5/", O_RDONLY|O_NONBLOCK|O_DIRECTORY|O_CLOEXEC) = 3
fstat(3, {st_mode=S_IFDIR|0755, st_size=20480, ...}) = 0
getdents(3, /* 204 entries */, 32768)   = 6776
getdents(3, /* 0 entries */, 32768)     = 0
close(3)                                = 0
stat("/usr/lib/python3.5/encodings/__init__.cpython-35m-x86_64-linux-gnu.so", 0x7ffe60d7e860) = -1 ENOENT (No such file or directory)
stat("/usr/lib/python3.5/encodings/__init__.abi3.so", 0x7ffe60d7e860) = -1 ENOENT (No such file or directory)
stat("/usr/lib/python3.5/encodings/__init__.so", 0x7ffe60d7e860) = -1 ENOENT (No such file or directory)
stat("/usr/lib/python3.5/encodings/__init__.py", {st_mode=S_IFREG|0644, st_size=5067, ...}) = 0
stat("/usr/lib/python3.5/encodings/__init__.py", {st_mode=S_IFREG|0644, st_size=5067, ...}) = 0
open("/usr/lib/python3.5/encodings/__pycache__/__init__.cpython-35.pyc", O_RDONLY|O_CLOEXEC) = 3
fcntl(3, F_GETFD)                       = 0x1 (flags FD_CLOEXEC)
fstat(3, {st_mode=S_IFREG|0644, st_size=3834, ...}) = 0
lseek(3, 0, SEEK_CUR)                   = 0
fstat(3, {st_mode=S_IFREG|0644, st_size=3834, ...}) = 0
read(3, "\26\r\r\n\346\223\35Z\313\23\0\0\343\0\0\0\0\0\0\0\0\0\0\0\0\5\0\0\0@\0\0"..., 3835) = 3834
read(3, "", 1)                          = 0
close(3)                                = 0
stat("/usr/lib/python3.5/", {st_mode=S_IFDIR|0755, st_size=20480, ...}) = 0
stat("/usr/lib/python3.5/codecs.py", {st_mode=S_IFREG|0644, st_size=36231, ...}) = 0
stat("/usr/lib/python3.5/codecs.py", {st_mode=S_IFREG|0644, st_size=36231, ...}) = 0
open("/usr/lib/python3.5/__pycache__/codecs.cpython-35.pyc", O_RDONLY|O_CLOEXEC) = 3
fstat(3, {st_mode=S_IFREG|0644, st_size=35288, ...}) = 0
lseek(3, 0, SEEK_CUR)                   = 0
fstat(3, {st_mode=S_IFREG|0644, st_size=35288, ...}) = 0
read(3, "\26\r\r\n\344\223\35Z\207\215\0\0\343\0\0\0\0\0\0\0\0\0\0\0\0:\0\0\0@\0\0"..., 35289) = 35288
read(3, "", 1)                          = 0
close(3)                                = 0
mmap(NULL, 262144, PROT_READ|PROT_WRITE, MAP_PRIVATE|MAP_ANONYMOUS, -1, 0) = 0x7fb4aeeec000
stat("/usr/lib/python3.5/encodings", {st_mode=S_IFDIR|0755, st_size=20480, ...}) = 0
stat("/usr/lib/python3.5/encodings", {st_mode=S_IFDIR|0755, st_size=20480, ...}) = 0
stat("/usr/lib/python3.5/encodings", {st_mode=S_IFDIR|0755, st_size=20480, ...}) = 0
open("/usr/lib/python3.5/encodings", O_RDONLY|O_NONBLOCK|O_DIRECTORY|O_CLOEXEC) = 3
fstat(3, {st_mode=S_IFDIR|0755, st_size=20480, ...}) = 0
brk(0x2471000)                          = 0x2471000
getdents(3, /* 127 entries */, 32768)   = 4304
getdents(3, /* 0 entries */, 32768)     = 0
brk(0x2469000)                          = 0x2469000
close(3)                                = 0
stat("/usr/lib/python3.5/encodings/aliases.py", {st_mode=S_IFREG|0644, st_size=15542, ...}) = 0
stat("/usr/lib/python3.5/encodings/aliases.py", {st_mode=S_IFREG|0644, st_size=15542, ...}) = 0
open("/usr/lib/python3.5/encodings/__pycache__/aliases.cpython-35.pyc", O_RDONLY|O_CLOEXEC) = 3
fstat(3, {st_mode=S_IFREG|0644, st_size=7550, ...}) = 0
lseek(3, 0, SEEK_CUR)                   = 0
fstat(3, {st_mode=S_IFREG|0644, st_size=7550, ...}) = 0
read(3, "\26\r\r\n\346\223\35Z\266<\0\0\343\0\0\0\0\0\0\0\0\0\0\0\0\204\2\0\0@\0\0"..., 7551) = 7550
read(3, "", 1)                          = 0
close(3)                                = 0
stat("/usr/lib/python3.5/encodings", {st_mode=S_IFDIR|0755, st_size=20480, ...}) = 0
stat("/usr/lib/python3.5/encodings/utf_8.py", {st_mode=S_IFREG|0644, st_size=1005, ...}) = 0
stat("/usr/lib/python3.5/encodings/utf_8.py", {st_mode=S_IFREG|0644, st_size=1005, ...}) = 0
open("/usr/lib/python3.5/encodings/__pycache__/utf_8.cpython-35.pyc", O_RDONLY|O_CLOEXEC) = 3
fstat(3, {st_mode=S_IFREG|0644, st_size=1694, ...}) = 0
lseek(3, 0, SEEK_CUR)                   = 0
fstat(3, {st_mode=S_IFREG|0644, st_size=1694, ...}) = 0
read(3, "\26\r\r\n\346\223\35Z\355\3\0\0\343\0\0\0\0\0\0\0\0\0\0\0\0\4\0\0\0@\0\0"..., 1695) = 1694
read(3, "", 1)                          = 0
close(3)                                = 0
rt_sigaction(SIGPIPE, {SIG_IGN, [], SA_RESTORER, 0x7fb4aebdb390}, {SIG_DFL, [], 0}, 8) = 0
rt_sigaction(SIGXFSZ, {SIG_IGN, [], SA_RESTORER, 0x7fb4aebdb390}, {SIG_DFL, [], 0}, 8) = 0
rt_sigaction(SIGHUP, NULL, {SIG_DFL, [], 0}, 8) = 0
rt_sigaction(SIGINT, NULL, {SIG_DFL, [], 0}, 8) = 0
rt_sigaction(SIGQUIT, NULL, {SIG_DFL, [], 0}, 8) = 0
rt_sigaction(SIGILL, NULL, {SIG_DFL, [], 0}, 8) = 0
rt_sigaction(SIGTRAP, NULL, {SIG_DFL, [], 0}, 8) = 0
rt_sigaction(SIGABRT, NULL, {SIG_DFL, [], 0}, 8) = 0
rt_sigaction(SIGBUS, NULL, {SIG_DFL, [], 0}, 8) = 0
rt_sigaction(SIGFPE, NULL, {SIG_DFL, [], 0}, 8) = 0
rt_sigaction(SIGKILL, NULL, {SIG_DFL, [], 0}, 8) = 0
rt_sigaction(SIGUSR1, NULL, {SIG_DFL, [], 0}, 8) = 0
rt_sigaction(SIGSEGV, NULL, {SIG_DFL, [], 0}, 8) = 0
rt_sigaction(SIGUSR2, NULL, {SIG_DFL, [], 0}, 8) = 0
rt_sigaction(SIGPIPE, NULL, {SIG_IGN, [], SA_RESTORER, 0x7fb4aebdb390}, 8) = 0
rt_sigaction(SIGALRM, NULL, {SIG_DFL, [], 0}, 8) = 0
rt_sigaction(SIGTERM, NULL, {SIG_DFL, [], 0}, 8) = 0
rt_sigaction(SIGSTKFLT, NULL, {SIG_DFL, [], 0}, 8) = 0
rt_sigaction(SIGCHLD, NULL, {SIG_DFL, [], 0}, 8) = 0
rt_sigaction(SIGCONT, NULL, {SIG_DFL, [], 0}, 8) = 0
rt_sigaction(SIGSTOP, NULL, {SIG_DFL, [], 0}, 8) = 0
rt_sigaction(SIGTSTP, NULL, {SIG_DFL, [], 0}, 8) = 0
rt_sigaction(SIGTTIN, NULL, {SIG_DFL, [], 0}, 8) = 0
rt_sigaction(SIGTTOU, NULL, {SIG_DFL, [], 0}, 8) = 0
rt_sigaction(SIGURG, NULL, {SIG_DFL, [], 0}, 8) = 0
rt_sigaction(SIGXCPU, NULL, {SIG_DFL, [], 0}, 8) = 0
rt_sigaction(SIGXFSZ, NULL, {SIG_IGN, [], SA_RESTORER, 0x7fb4aebdb390}, 8) = 0
rt_sigaction(SIGVTALRM, NULL, {SIG_DFL, [], 0}, 8) = 0
rt_sigaction(SIGPROF, NULL, {SIG_DFL, [], 0}, 8) = 0
rt_sigaction(SIGWINCH, NULL, {SIG_DFL, [], 0}, 8) = 0
rt_sigaction(SIGIO, NULL, {SIG_DFL, [], 0}, 8) = 0
rt_sigaction(SIGPWR, NULL, {SIG_DFL, [], 0}, 8) = 0
rt_sigaction(SIGSYS, NULL, {SIG_DFL, [], 0}, 8) = 0
rt_sigaction(SIGRT_2, NULL, {SIG_DFL, [], 0}, 8) = 0
rt_sigaction(SIGRT_3, NULL, {SIG_DFL, [], 0}, 8) = 0
rt_sigaction(SIGRT_4, NULL, {SIG_DFL, [], 0}, 8) = 0
rt_sigaction(SIGRT_5, NULL, {SIG_DFL, [], 0}, 8) = 0
rt_sigaction(SIGRT_6, NULL, {SIG_DFL, [], 0}, 8) = 0
rt_sigaction(SIGRT_7, NULL, {SIG_DFL, [], 0}, 8) = 0
rt_sigaction(SIGRT_8, NULL, {SIG_DFL, [], 0}, 8) = 0
rt_sigaction(SIGRT_9, NULL, {SIG_DFL, [], 0}, 8) = 0
rt_sigaction(SIGRT_10, NULL, {SIG_DFL, [], 0}, 8) = 0
rt_sigaction(SIGRT_11, NULL, {SIG_DFL, [], 0}, 8) = 0
rt_sigaction(SIGRT_12, NULL, {SIG_DFL, [], 0}, 8) = 0
rt_sigaction(SIGRT_13, NULL, {SIG_DFL, [], 0}, 8) = 0
rt_sigaction(SIGRT_14, NULL, {SIG_DFL, [], 0}, 8) = 0
rt_sigaction(SIGRT_15, NULL, {SIG_DFL, [], 0}, 8) = 0
rt_sigaction(SIGRT_16, NULL, {SIG_DFL, [], 0}, 8) = 0
rt_sigaction(SIGRT_17, NULL, {SIG_DFL, [], 0}, 8) = 0
rt_sigaction(SIGRT_18, NULL, {SIG_DFL, [], 0}, 8) = 0
rt_sigaction(SIGRT_19, NULL, {SIG_DFL, [], 0}, 8) = 0
rt_sigaction(SIGRT_20, NULL, {SIG_DFL, [], 0}, 8) = 0
rt_sigaction(SIGRT_21, NULL, {SIG_DFL, [], 0}, 8) = 0
rt_sigaction(SIGRT_22, NULL, {SIG_DFL, [], 0}, 8) = 0
rt_sigaction(SIGRT_23, NULL, {SIG_DFL, [], 0}, 8) = 0
rt_sigaction(SIGRT_24, NULL, {SIG_DFL, [], 0}, 8) = 0
rt_sigaction(SIGRT_25, NULL, {SIG_DFL, [], 0}, 8) = 0
rt_sigaction(SIGRT_26, NULL, {SIG_DFL, [], 0}, 8) = 0
rt_sigaction(SIGRT_27, NULL, {SIG_DFL, [], 0}, 8) = 0
rt_sigaction(SIGRT_28, NULL, {SIG_DFL, [], 0}, 8) = 0
rt_sigaction(SIGRT_29, NULL, {SIG_DFL, [], 0}, 8) = 0
rt_sigaction(SIGRT_30, NULL, {SIG_DFL, [], 0}, 8) = 0
rt_sigaction(SIGRT_31, NULL, {SIG_DFL, [], 0}, 8) = 0
rt_sigaction(SIGRT_32, NULL, {SIG_DFL, [], 0}, 8) = 0
rt_sigaction(SIGINT, {0x63f1d0, [], SA_RESTORER, 0x7fb4aebdb390}, {SIG_DFL, [], 0}, 8) = 0
stat("/usr/lib/python3.5/encodings", {st_mode=S_IFDIR|0755, st_size=20480, ...}) = 0
stat("/usr/lib/python3.5/encodings/latin_1.py", {st_mode=S_IFREG|0644, st_size=1264, ...}) = 0
stat("/usr/lib/python3.5/encodings/latin_1.py", {st_mode=S_IFREG|0644, st_size=1264, ...}) = 0
open("/usr/lib/python3.5/encodings/__pycache__/latin_1.cpython-35.pyc", O_RDONLY|O_CLOEXEC) = 3
fstat(3, {st_mode=S_IFREG|0644, st_size=2006, ...}) = 0
lseek(3, 0, SEEK_CUR)                   = 0
fstat(3, {st_mode=S_IFREG|0644, st_size=2006, ...}) = 0
read(3, "\26\r\r\n\346\223\35Z\360\4\0\0\343\0\0\0\0\0\0\0\0\0\0\0\0\5\0\0\0@\0\0"..., 2007) = 2006
read(3, "", 1)                          = 0
close(3)                                = 0
stat("/usr/lib/python3.5/", {st_mode=S_IFDIR|0755, st_size=20480, ...}) = 0
stat("/usr/lib/python3.5/io.py", {st_mode=S_IFREG|0644, st_size=3396, ...}) = 0
stat("/usr/lib/python3.5/io.py", {st_mode=S_IFREG|0644, st_size=3396, ...}) = 0
open("/usr/lib/python3.5/__pycache__/io.cpython-35.pyc", O_RDONLY|O_CLOEXEC) = 3
fstat(3, {st_mode=S_IFREG|0644, st_size=3443, ...}) = 0
lseek(3, 0, SEEK_CUR)                   = 0
fstat(3, {st_mode=S_IFREG|0644, st_size=3443, ...}) = 0
read(3, "\26\r\r\n\344\223\35ZD\r\0\0\343\0\0\0\0\0\0\0\0\0\0\0\0\22\0\0\0@\0\0"..., 3444) = 3443
read(3, "", 1)                          = 0
close(3)                                = 0
stat("/usr/lib/python3.5/", {st_mode=S_IFDIR|0755, st_size=20480, ...}) = 0
stat("/usr/lib/python3.5/abc.py", {st_mode=S_IFREG|0644, st_size=8628, ...}) = 0
stat("/usr/lib/python3.5/abc.py", {st_mode=S_IFREG|0644, st_size=8628, ...}) = 0
open("/usr/lib/python3.5/__pycache__/abc.cpython-35.pyc", O_RDONLY|O_CLOEXEC) = 3
fstat(3, {st_mode=S_IFREG|0644, st_size=7850, ...}) = 0
lseek(3, 0, SEEK_CUR)                   = 0
fstat(3, {st_mode=S_IFREG|0644, st_size=7850, ...}) = 0
read(3, "\26\r\r\n\344\223\35Z\264!\0\0\343\0\0\0\0\0\0\0\0\0\0\0\0\5\0\0\0@\0\0"..., 7851) = 7850
read(3, "", 1)                          = 0
close(3)                                = 0
stat("/usr/lib/python3.5/", {st_mode=S_IFDIR|0755, st_size=20480, ...}) = 0
stat("/usr/lib/python3.5/_weakrefset.py", {st_mode=S_IFREG|0644, st_size=5705, ...}) = 0
stat("/usr/lib/python3.5/_weakrefset.py", {st_mode=S_IFREG|0644, st_size=5705, ...}) = 0
open("/usr/lib/python3.5/__pycache__/_weakrefset.cpython-35.pyc", O_RDONLY|O_CLOEXEC) = 3
fstat(3, {st_mode=S_IFREG|0644, st_size=8406, ...}) = 0
lseek(3, 0, SEEK_CUR)                   = 0
fstat(3, {st_mode=S_IFREG|0644, st_size=8406, ...}) = 0
read(3, "\26\r\r\n\344\223\35ZI\26\0\0\343\0\0\0\0\0\0\0\0\0\0\0\0\3\0\0\0@\0\0"..., 8407) = 8406
read(3, "", 1)                          = 0
close(3)                                = 0
dup(0)                                  = 3
close(3)                                = 0
fstat(0, {st_mode=S_IFCHR|0620, st_rdev=makedev(136, 23), ...}) = 0
ioctl(0, TCGETS, {B38400 opost isig icanon echo ...}) = 0
lseek(0, 0, SEEK_CUR)                   = -1 ESPIPE (Illegal seek)
ioctl(0, TCGETS, {B38400 opost isig icanon echo ...}) = 0
ioctl(0, TCGETS, {B38400 opost isig icanon echo ...}) = 0
lseek(0, 0, SEEK_CUR)                   = -1 ESPIPE (Illegal seek)
dup(1)                                  = 3
close(3)                                = 0
fstat(1, {st_mode=S_IFCHR|0620, st_rdev=makedev(136, 23), ...}) = 0
ioctl(1, TCGETS, {B38400 opost isig icanon echo ...}) = 0
lseek(1, 0, SEEK_CUR)                   = -1 ESPIPE (Illegal seek)
ioctl(1, TCGETS, {B38400 opost isig icanon echo ...}) = 0
ioctl(1, TCGETS, {B38400 opost isig icanon echo ...}) = 0
lseek(1, 0, SEEK_CUR)                   = -1 ESPIPE (Illegal seek)
dup(2)                                  = 3
close(3)                                = 0
fstat(2, {st_mode=S_IFCHR|0620, st_rdev=makedev(136, 23), ...}) = 0
ioctl(2, TCGETS, {B38400 opost isig icanon echo ...}) = 0
lseek(2, 0, SEEK_CUR)                   = -1 ESPIPE (Illegal seek)
ioctl(2, TCGETS, {B38400 opost isig icanon echo ...}) = 0
ioctl(2, TCGETS, {B38400 opost isig icanon echo ...}) = 0
lseek(2, 0, SEEK_CUR)                   = -1 ESPIPE (Illegal seek)
stat("/usr/lib/python3.5/", {st_mode=S_IFDIR|0755, st_size=20480, ...}) = 0
stat("/usr/lib/python3.5/site.py", {st_mode=S_IFREG|0644, st_size=22258, ...}) = 0
stat("/usr/lib/python3.5/site.py", {st_mode=S_IFREG|0644, st_size=22258, ...}) = 0
open("/usr/lib/python3.5/__pycache__/site.cpython-35.pyc", O_RDONLY|O_CLOEXEC) = 3
fstat(3, {st_mode=S_IFREG|0644, st_size=18143, ...}) = 0
lseek(3, 0, SEEK_CUR)                   = 0
fstat(3, {st_mode=S_IFREG|0644, st_size=18143, ...}) = 0
read(3, "\26\r\r\n\344\223\35Z\362V\0\0\343\0\0\0\0\0\0\0\0\0\0\0\0\3\0\0\0@\0\0"..., 18144) = 18143
read(3, "", 1)                          = 0
close(3)                                = 0
stat("/usr/lib/python3.5/", {st_mode=S_IFDIR|0755, st_size=20480, ...}) = 0
stat("/usr/lib/python3.5/os.py", {st_mode=S_IFREG|0644, st_size=36970, ...}) = 0
stat("/usr/lib/python3.5/os.py", {st_mode=S_IFREG|0644, st_size=36970, ...}) = 0
open("/usr/lib/python3.5/__pycache__/os.cpython-35.pyc", O_RDONLY|O_CLOEXEC) = 3
fstat(3, {st_mode=S_IFREG|0644, st_size=31295, ...}) = 0
lseek(3, 0, SEEK_CUR)                   = 0
fstat(3, {st_mode=S_IFREG|0644, st_size=31295, ...}) = 0
read(3, "\26\r\r\n\344\223\35Zj\220\0\0\343\0\0\0\0\0\0\0\0\0\0\0\0000\0\0\0@\0\0"..., 31296) = 31295
read(3, "", 1)                          = 0
close(3)                                = 0
brk(0x248b000)                          = 0x248b000
mmap(NULL, 262144, PROT_READ|PROT_WRITE, MAP_PRIVATE|MAP_ANONYMOUS, -1, 0) = 0x7fb4aeeac000
munmap(0x7fb4aeeac000, 262144)          = 0
mmap(NULL, 262144, PROT_READ|PROT_WRITE, MAP_PRIVATE|MAP_ANONYMOUS, -1, 0) = 0x7fb4aeeac000
munmap(0x7fb4aeeac000, 262144)          = 0
mmap(NULL, 262144, PROT_READ|PROT_WRITE, MAP_PRIVATE|MAP_ANONYMOUS, -1, 0) = 0x7fb4aeeac000
stat("/usr/lib/python3.5/", {st_mode=S_IFDIR|0755, st_size=20480, ...}) = 0
stat("/usr/lib/python3.5/stat.py", {st_mode=S_IFREG|0644, st_size=5038, ...}) = 0
stat("/usr/lib/python3.5/stat.py", {st_mode=S_IFREG|0644, st_size=5038, ...}) = 0
open("/usr/lib/python3.5/__pycache__/stat.cpython-35.pyc", O_RDONLY|O_CLOEXEC) = 3
fstat(3, {st_mode=S_IFREG|0644, st_size=4147, ...}) = 0
lseek(3, 0, SEEK_CUR)                   = 0
fstat(3, {st_mode=S_IFREG|0644, st_size=4147, ...}) = 0
read(3, "\26\r\r\n\344\223\35Z\256\23\0\0\343\0\0\0\0\0\0\0\0\0\0\0\0\r\0\0\0@\0\0"..., 4148) = 4147
read(3, "", 1)                          = 0
close(3)                                = 0
stat("/usr/lib/python3.5/", {st_mode=S_IFDIR|0755, st_size=20480, ...}) = 0
stat("/usr/lib/python3.5/posixpath.py", {st_mode=S_IFREG|0644, st_size=14881, ...}) = 0
stat("/usr/lib/python3.5/posixpath.py", {st_mode=S_IFREG|0644, st_size=14881, ...}) = 0
open("/usr/lib/python3.5/__pycache__/posixpath.cpython-35.pyc", O_RDONLY|O_CLOEXEC) = 3
fstat(3, {st_mode=S_IFREG|0644, st_size=11120, ...}) = 0
lseek(3, 0, SEEK_CUR)                   = 0
fstat(3, {st_mode=S_IFREG|0644, st_size=11120, ...}) = 0
read(3, "\26\r\r\n\344\223\35Z!:\0\0\343\0\0\0\0\0\0\0\0\0\0\0\0&\0\0\0@\0\0"..., 11121) = 11120
read(3, "", 1)                          = 0
close(3)                                = 0
stat("/usr/lib/python3.5/", {st_mode=S_IFDIR|0755, st_size=20480, ...}) = 0
stat("/usr/lib/python3.5/genericpath.py", {st_mode=S_IFREG|0644, st_size=4364, ...}) = 0
stat("/usr/lib/python3.5/genericpath.py", {st_mode=S_IFREG|0644, st_size=4364, ...}) = 0
open("/usr/lib/python3.5/__pycache__/genericpath.cpython-35.pyc", O_RDONLY|O_CLOEXEC) = 3
fstat(3, {st_mode=S_IFREG|0644, st_size=3917, ...}) = 0
lseek(3, 0, SEEK_CUR)                   = 0
fstat(3, {st_mode=S_IFREG|0644, st_size=3917, ...}) = 0
read(3, "\26\r\r\n\344\223\35Z\f\21\0\0\343\0\0\0\0\0\0\0\0\0\0\0\0\v\0\0\0@\0\0"..., 3918) = 3917
read(3, "", 1)                          = 0
close(3)                                = 0
stat("/usr/lib/python3.5/", {st_mode=S_IFDIR|0755, st_size=20480, ...}) = 0
stat("/usr/lib/python3.5/_collections_abc.py", {st_mode=S_IFREG|0644, st_size=24706, ...}) = 0
stat("/usr/lib/python3.5/_collections_abc.py", {st_mode=S_IFREG|0644, st_size=24706, ...}) = 0
open("/usr/lib/python3.5/__pycache__/_collections_abc.cpython-35.pyc", O_RDONLY|O_CLOEXEC) = 3
fstat(3, {st_mode=S_IFREG|0644, st_size=29622, ...}) = 0
lseek(3, 0, SEEK_CUR)                   = 0
fstat(3, {st_mode=S_IFREG|0644, st_size=29622, ...}) = 0
read(3, "\26\r\r\n\344\223\35Z\202`\0\0\343\0\0\0\0\0\0\0\0\0\0\0\0\26\0\0\0@\0\0"..., 29623) = 29622
read(3, "", 1)                          = 0
close(3)                                = 0
mmap(NULL, 262144, PROT_READ|PROT_WRITE, MAP_PRIVATE|MAP_ANONYMOUS, -1, 0) = 0x7fb4aee6c000
stat("/usr/lib/python3.5/", {st_mode=S_IFDIR|0755, st_size=20480, ...}) = 0
stat("/usr/lib/python3.5/_sitebuiltins.py", {st_mode=S_IFREG|0644, st_size=3115, ...}) = 0
stat("/usr/lib/python3.5/_sitebuiltins.py", {st_mode=S_IFREG|0644, st_size=3115, ...}) = 0
open("/usr/lib/python3.5/__pycache__/_sitebuiltins.cpython-35.pyc", O_RDONLY|O_CLOEXEC) = 3
fstat(3, {st_mode=S_IFREG|0644, st_size=3654, ...}) = 0
lseek(3, 0, SEEK_CUR)                   = 0
fstat(3, {st_mode=S_IFREG|0644, st_size=3654, ...}) = 0
read(3, "\26\r\r\n\344\223\35Z+\f\0\0\343\0\0\0\0\0\0\0\0\0\0\0\0\4\0\0\0@\0\0"..., 3655) = 3654
read(3, "", 1)                          = 0
close(3)                                = 0
stat("/usr/bin/pyvenv.cfg", 0x7ffe60d7e860) = -1 ENOENT (No such file or directory)
stat("/usr/pyvenv.cfg", 0x7ffe60d7e860) = -1 ENOENT (No such file or directory)
geteuid()                               = 1000
getuid()                                = 1000
getegid()                               = 1000
getgid()                                = 1000
stat("/usr/lib/python3.5", {st_mode=S_IFDIR|0755, st_size=20480, ...}) = 0
stat("/usr/lib/python3.5", {st_mode=S_IFDIR|0755, st_size=20480, ...}) = 0
stat("/usr/lib/python3.5", {st_mode=S_IFDIR|0755, st_size=20480, ...}) = 0
open("/usr/lib/python3.5", O_RDONLY|O_NONBLOCK|O_DIRECTORY|O_CLOEXEC) = 3
fstat(3, {st_mode=S_IFDIR|0755, st_size=20480, ...}) = 0
getdents(3, /* 204 entries */, 32768)   = 6776
getdents(3, /* 0 entries */, 32768)     = 0
close(3)                                = 0
stat("/usr/lib/python3.5/sysconfig.py", {st_mode=S_IFREG|0644, st_size=24650, ...}) = 0
stat("/usr/lib/python3.5/sysconfig.py", {st_mode=S_IFREG|0644, st_size=24650, ...}) = 0
open("/usr/lib/python3.5/__pycache__/sysconfig.cpython-35.pyc", O_RDONLY|O_CLOEXEC) = 3
fstat(3, {st_mode=S_IFREG|0644, st_size=17045, ...}) = 0
lseek(3, 0, SEEK_CUR)                   = 0
fstat(3, {st_mode=S_IFREG|0644, st_size=17045, ...}) = 0
read(3, "\26\r\r\n\344\223\35ZJ`\0\0\343\0\0\0\0\0\0\0\0\0\0\0\0\31\0\0\0@\0\0"..., 17046) = 17045
read(3, "", 1)                          = 0
close(3)                                = 0
mmap(NULL, 200704, PROT_READ|PROT_WRITE, MAP_PRIVATE|MAP_ANONYMOUS, -1, 0) = 0x7fb4aee3b000
lstat("/usr", {st_mode=S_IFDIR|0755, st_size=4096, ...}) = 0
lstat("/usr/bin", {st_mode=S_IFDIR|0755, st_size=65536, ...}) = 0
lstat("/usr/bin/python3", {st_mode=S_IFLNK|0777, st_size=9, ...}) = 0
readlink("/usr/bin/python3", "python3.5", 4096) = 9
lstat("/usr/bin/python3.5", {st_mode=S_IFREG|0755, st_size=4464400, ...}) = 0
stat("/usr/bin/Modules/Setup.dist", 0x7ffe60d7d720) = -1 ENOENT (No such file or directory)
stat("/usr/bin/Modules/Setup.local", 0x7ffe60d7d720) = -1 ENOENT (No such file or directory)
stat("/usr/lib/python3.5", {st_mode=S_IFDIR|0755, st_size=20480, ...}) = 0
stat("/usr/lib/python3.5/_sysconfigdata.py", {st_mode=S_IFREG|0644, st_size=126, ...}) = 0
stat("/usr/lib/python3.5/_sysconfigdata.py", {st_mode=S_IFREG|0644, st_size=126, ...}) = 0
open("/usr/lib/python3.5/__pycache__/_sysconfigdata.cpython-35.pyc", O_RDONLY|O_CLOEXEC) = 3
fstat(3, {st_mode=S_IFREG|0644, st_size=251, ...}) = 0
lseek(3, 0, SEEK_CUR)                   = 0
fstat(3, {st_mode=S_IFREG|0644, st_size=251, ...}) = 0
read(3, "\26\r\r\n\f\233\220R~\0\0\0\343\0\0\0\0\0\0\0\0\0\0\0\0\3\0\0\0@\0\0"..., 252) = 251
read(3, "", 1)                          = 0
close(3)                                = 0
stat("/usr/lib/python3.5", {st_mode=S_IFDIR|0755, st_size=20480, ...}) = 0
stat("/usr/lib/python3.5/plat-x86_64-linux-gnu", {st_mode=S_IFDIR|0755, st_size=4096, ...}) = 0
stat("/usr/lib/python3.5/plat-x86_64-linux-gnu", {st_mode=S_IFDIR|0755, st_size=4096, ...}) = 0
stat("/usr/lib/python3.5/plat-x86_64-linux-gnu", {st_mode=S_IFDIR|0755, st_size=4096, ...}) = 0
open("/usr/lib/python3.5/plat-x86_64-linux-gnu", O_RDONLY|O_NONBLOCK|O_DIRECTORY|O_CLOEXEC) = 3
fstat(3, {st_mode=S_IFDIR|0755, st_size=4096, ...}) = 0
getdents(3, /* 8 entries */, 32768)     = 248
getdents(3, /* 0 entries */, 32768)     = 0
close(3)                                = 0
stat("/usr/lib/python3.5/plat-x86_64-linux-gnu/_sysconfigdata_m.py", {st_mode=S_IFREG|0644, st_size=21469, ...}) = 0
stat("/usr/lib/python3.5/plat-x86_64-linux-gnu/_sysconfigdata_m.py", {st_mode=S_IFREG|0644, st_size=21469, ...}) = 0
open("/usr/lib/python3.5/plat-x86_64-linux-gnu/__pycache__/_sysconfigdata_m.cpython-35.pyc", O_RDONLY|O_CLOEXEC) = 3
fstat(3, {st_mode=S_IFREG|0644, st_size=21029, ...}) = 0
lseek(3, 0, SEEK_CUR)                   = 0
fstat(3, {st_mode=S_IFREG|0644, st_size=21029, ...}) = 0
read(3, "\26\r\r\n\372\223\35Z\335S\0\0\343\0\0\0\0\0\0\0\0\0\0\0\0\10\5\0\0@\0\0"..., 21030) = 21029
read(3, "", 1)                          = 0
close(3)                                = 0
brk(0x24ae000)                          = 0x24ae000
brk(0x24a5000)                          = 0x24a5000
lstat("/usr", {st_mode=S_IFDIR|0755, st_size=4096, ...}) = 0
lstat("/usr/lib", {st_mode=S_IFDIR|0755, st_size=4096, ...}) = 0
lstat("/usr/lib/python3.5", {st_mode=S_IFDIR|0755, st_size=20480, ...}) = 0
lstat("/usr/lib/python3.5/config-3.5m-x86_64-linux-gnu", {st_mode=S_IFDIR|0755, st_size=4096, ...}) = 0
stat("/home/hiurawataru/.local/lib/python3.5/site-packages", 0x7ffe60d7ea70) = -1 ENOENT (No such file or directory)
stat("/usr/local/lib/python3.5/dist-packages", {st_mode=S_IFDIR|S_ISGID|0775, st_size=4096, ...}) = 0
open("/usr/local/lib/python3.5/dist-packages", O_RDONLY|O_NONBLOCK|O_DIRECTORY|O_CLOEXEC) = 3
fstat(3, {st_mode=S_IFDIR|S_ISGID|0775, st_size=4096, ...}) = 0
getdents(3, /* 2 entries */, 32768)     = 48
getdents(3, /* 0 entries */, 32768)     = 0
close(3)                                = 0
stat("/usr/lib/python3/dist-packages", {st_mode=S_IFDIR|0755, st_size=12288, ...}) = 0
open("/usr/lib/python3/dist-packages", O_RDONLY|O_NONBLOCK|O_DIRECTORY|O_CLOEXEC) = 3
fstat(3, {st_mode=S_IFDIR|0755, st_size=12288, ...}) = 0
getdents(3, /* 155 entries */, 32768)   = 6536
getdents(3, /* 0 entries */, 32768)     = 0
close(3)                                = 0
stat("/usr/lib/python3.5/dist-packages", 0x7ffe60d7e990) = -1 ENOENT (No such file or directory)
stat("/usr/lib/python3.5", {st_mode=S_IFDIR|0755, st_size=20480, ...}) = 0
stat("/usr/lib/python3.5/sitecustomize.py", {st_mode=S_IFREG|0644, st_size=155, ...}) = 0
stat("/usr/lib/python3.5/sitecustomize.py", {st_mode=S_IFREG|0644, st_size=155, ...}) = 0
open("/usr/lib/python3.5/__pycache__/sitecustomize.cpython-35.pyc", O_RDONLY|O_CLOEXEC) = 3
fstat(3, {st_mode=S_IFREG|0644, st_size=217, ...}) = 0
lseek(3, 0, SEEK_CUR)                   = 0
fstat(3, {st_mode=S_IFREG|0644, st_size=217, ...}) = 0
read(3, "\26\r\r\n\254\16\375V\233\0\0\0\343\0\0\0\0\0\0\0\0\0\0\0\0\v\0\0\0@\0\0"..., 218) = 217
read(3, "", 1)                          = 0
close(3)                                = 0
stat("/usr/lib/python3.5", {st_mode=S_IFDIR|0755, st_size=20480, ...}) = 0
stat("/usr/lib/python3.5/plat-x86_64-linux-gnu", {st_mode=S_IFDIR|0755, st_size=4096, ...}) = 0
stat("/usr/lib/python3.5/lib-dynload", {st_mode=S_IFDIR|0755, st_size=12288, ...}) = 0
stat("/usr/lib/python3.5/lib-dynload", {st_mode=S_IFDIR|0755, st_size=12288, ...}) = 0
stat("/usr/lib/python3.5/lib-dynload", {st_mode=S_IFDIR|0755, st_size=12288, ...}) = 0
open("/usr/lib/python3.5/lib-dynload", O_RDONLY|O_NONBLOCK|O_DIRECTORY|O_CLOEXEC) = 3
fstat(3, {st_mode=S_IFDIR|0755, st_size=12288, ...}) = 0
getdents(3, /* 42 entries */, 32768)    = 2608
getdents(3, /* 0 entries */, 32768)     = 0
close(3)                                = 0
stat("/usr/local/lib/python3.5/dist-packages", {st_mode=S_IFDIR|S_ISGID|0775, st_size=4096, ...}) = 0
stat("/usr/local/lib/python3.5/dist-packages", {st_mode=S_IFDIR|S_ISGID|0775, st_size=4096, ...}) = 0
stat("/usr/local/lib/python3.5/dist-packages", {st_mode=S_IFDIR|S_ISGID|0775, st_size=4096, ...}) = 0
open("/usr/local/lib/python3.5/dist-packages", O_RDONLY|O_NONBLOCK|O_DIRECTORY|O_CLOEXEC) = 3
fstat(3, {st_mode=S_IFDIR|S_ISGID|0775, st_size=4096, ...}) = 0
getdents(3, /* 2 entries */, 32768)     = 48
getdents(3, /* 0 entries */, 32768)     = 0
close(3)                                = 0
stat("/usr/lib/python3/dist-packages", {st_mode=S_IFDIR|0755, st_size=12288, ...}) = 0
stat("/usr/lib/python3/dist-packages", {st_mode=S_IFDIR|0755, st_size=12288, ...}) = 0
stat("/usr/lib/python3/dist-packages", {st_mode=S_IFDIR|0755, st_size=12288, ...}) = 0
open("/usr/lib/python3/dist-packages", O_RDONLY|O_NONBLOCK|O_DIRECTORY|O_CLOEXEC) = 3
fstat(3, {st_mode=S_IFDIR|0755, st_size=12288, ...}) = 0
getdents(3, /* 155 entries */, 32768)   = 6536
getdents(3, /* 0 entries */, 32768)     = 0
close(3)                                = 0
stat("/usr/lib/python3/dist-packages/apport_python_hook.py", {st_mode=S_IFREG|0644, st_size=7796, ...}) = 0
stat("/usr/lib/python3/dist-packages/apport_python_hook.py", {st_mode=S_IFREG|0644, st_size=7796, ...}) = 0
open("/usr/lib/python3/dist-packages/__pycache__/apport_python_hook.cpython-35.pyc", O_RDONLY|O_CLOEXEC) = 3
fstat(3, {st_mode=S_IFREG|0644, st_size=4526, ...}) = 0
lseek(3, 0, SEEK_CUR)                   = 0
fstat(3, {st_mode=S_IFREG|0644, st_size=4526, ...}) = 0
read(3, "\26\r\r\n\2220\375Vt\36\0\0\343\0\0\0\0\0\0\0\0\0\0\0\0\2\0\0\0@\0\0"..., 4527) = 4526
read(3, "", 1)                          = 0
close(3)                                = 0
stat("/usr/lib/python3.5", {st_mode=S_IFDIR|0755, st_size=20480, ...}) = 0
stat("/usr/lib/python3.5/plat-x86_64-linux-gnu", {st_mode=S_IFDIR|0755, st_size=4096, ...}) = 0
stat("/usr/lib/python3.5/lib-dynload", {st_mode=S_IFDIR|0755, st_size=12288, ...}) = 0
stat("/usr/local/lib/python3.5/dist-packages", {st_mode=S_IFDIR|S_ISGID|0775, st_size=4096, ...}) = 0
stat("/usr/lib/python3/dist-packages", {st_mode=S_IFDIR|0755, st_size=12288, ...}) = 0
readlink("./hello.py", 0x7ffe60d6ed80, 4096) = -1 EINVAL (Invalid argument)
getcwd("/home/hiurawataru/individual/hrwtr/sutras/HowLinuxWork/chapter02", 4096) = 65
lstat("/home/hiurawataru/individual/hrwtr/sutras/HowLinuxWork/chapter02/hello.py", {st_mode=S_IFREG|0664, st_size=20, ...}) = 0
stat("./hello.py", {st_mode=S_IFREG|0664, st_size=20, ...}) = 0
open("./hello.py", O_RDONLY)            = 3
ioctl(3, FIOCLEX)                       = 0
fstat(3, {st_mode=S_IFREG|0664, st_size=20, ...}) = 0
fstat(3, {st_mode=S_IFREG|0664, st_size=20, ...}) = 0
lseek(3, 18446744073709547520, SEEK_SET) = -1 EINVAL (Invalid argument)
close(3)                                = 0
stat("./hello.py", {st_mode=S_IFREG|0664, st_size=20, ...}) = 0
open("./hello.py", O_RDONLY)            = 3
ioctl(3, FIOCLEX)                       = 0
fstat(3, {st_mode=S_IFREG|0664, st_size=20, ...}) = 0
ioctl(3, TCGETS, 0x7ffe60d7fd30)        = -1 ENOTTY (Inappropriate ioctl for device)
lseek(3, 0, SEEK_CUR)                   = 0
fstat(3, {st_mode=S_IFREG|0664, st_size=20, ...}) = 0
read(3, "print(\"hello world\")", 4096) = 20
lseek(3, 0, SEEK_SET)                   = 0
brk(0x24c6000)                          = 0x24c6000
read(3, "print(\"hello world\")", 4096) = 20
read(3, "", 4096)                       = 0
read(3, "", 4096)                       = 0
read(3, "", 4096)                       = 0
brk(0x24bd000)                          = 0x24bd000
close(3)                                = 0
write(1, "hello world\n", 12)           = 12
rt_sigaction(SIGINT, {SIG_DFL, [], SA_RESTORER, 0x7fb4aebdb390}, {0x63f1d0, [], SA_RESTORER, 0x7fb4aebdb390}, 8) = 0
brk(0x2495000)                          = 0x2495000
exit_group(0)                           = ?
+++ exited with 0 +++
